<?xml version="1.0" encoding="UTF-8"?>
<testsuite name="com.browserstack.SingleTest" tests="4" skipped="0" failures="0" errors="0" timestamp="2019-12-24T12:08:48" hostname="Nithyas-MacBook-Pro.local" time="13.173">
  <properties/>
  <testcase name="test" classname="com.browserstack.SingleTest" time="7.892"/>
  <testcase name="test" classname="com.browserstack.SingleTest" time="6.297"/>
  <testcase name="test" classname="com.browserstack.SingleTest" time="8.035"/>
  <testcase name="test" classname="com.browserstack.SingleTest" time="11.886"/>
  <system-out><![CDATA[]]></system-out>
  <system-err><![CDATA[Dec 24, 2019 5:38:50 PM org.openqa.selenium.remote.ProtocolHandshake createSession
INFO: Detected dialect: OSS
Dec 24, 2019 5:38:52 PM org.openqa.selenium.remote.ProtocolHandshake createSession
INFO: Detected dialect: W3C
Dec 24, 2019 5:38:53 PM org.openqa.selenium.remote.ProtocolHandshake createSession
INFO: Detected dialect: OSS
]]></system-err>
</testsuite>
