<?xml version="1.0" encoding="UTF-8"?>
<!-- Generated by org.testng.reporters.JUnitReportReporter -->
<testsuite hostname="Nithyas-MacBook-Pro.local" name="com.browserstack.SingleTest" tests="1" failures="0" timestamp="26 Dec 2019 12:52:28 GMT" time="13.324" errors="0">
  <testcase name="test" time="13.324" classname="com.browserstack.SingleTest"/>
</testsuite> <!-- com.browserstack.SingleTest -->
