<?xml version="1.0" encoding="UTF-8"?>
<testsuite name="com.browserstack.suite.SuiteTest07" tests="2" skipped="2" failures="0" errors="0" timestamp="2019-12-26T12:55:53" hostname="Nithyas-MacBook-Pro.local" time="28.163">
  <properties/>
  <testcase name="test_07" classname="com.browserstack.suite.SuiteTest07" time="0.0">
    <skipped/>
  </testcase>
  <testcase name="test_07" classname="com.browserstack.suite.SuiteTest07" time="0.0">
    <skipped/>
  </testcase>
  <system-out><![CDATA[]]></system-out>
  <system-err><![CDATA[]]></system-err>
</testsuite>
