<?xml version="1.0" encoding="UTF-8"?>
<testsuite name="com.browserstack.LocalTest" tests="1" skipped="0" failures="0" errors="0" timestamp="2019-12-24T12:07:16" hostname="Nithyas-MacBook-Pro.local" time="0.696">
  <properties/>
  <testcase name="test" classname="com.browserstack.LocalTest" time="0.696"/>
  <system-out><![CDATA[]]></system-out>
  <system-err><![CDATA[]]></system-err>
</testsuite>
