<?xml version="1.0" encoding="UTF-8"?>
<!-- Generated by org.testng.reporters.JUnitReportReporter -->
<testsuite hostname="Nithyas-MacBook-Pro.local" name="com.browserstack.SingleTest" tests="4" failures="0" timestamp="24 Dec 2019 12:09:17 GMT" time="67.623" errors="0">
  <testcase name="test" time="18.360" classname="com.browserstack.SingleTest"/>
  <testcase name="test" time="16.498" classname="com.browserstack.SingleTest"/>
  <testcase name="test" time="18.444" classname="com.browserstack.SingleTest"/>
  <testcase name="test" time="14.321" classname="com.browserstack.SingleTest"/>
</testsuite> <!-- com.browserstack.SingleTest -->
