<?xml version="1.0" encoding="UTF-8"?>
<testsuite name="com.browserstack.SingleTest" tests="1" skipped="0" failures="0" errors="0" timestamp="2020-01-07T09:08:46" hostname="Nithyas-MacBook-Pro.local" time="8.549">
  <properties/>
  <testcase name="test" classname="com.browserstack.SingleTest" time="8.549"/>
  <system-out><![CDATA[]]></system-out>
  <system-err><![CDATA[]]></system-err>
</testsuite>
