<?xml version="1.0" encoding="UTF-8"?>
<!-- Generated by org.testng.reporters.JUnitReportReporter -->
<testsuite hostname="Nithyas-MacBook-Pro.local" name="com.browserstack.SingleTest" tests="1" failures="0" timestamp="24 Dec 2019 12:04:46 GMT" time="14.260" errors="0">
  <testcase name="test" time="14.260" classname="com.browserstack.SingleTest"/>
</testsuite> <!-- com.browserstack.SingleTest -->
