<?xml version="1.0" encoding="UTF-8"?>
<!-- Generated by org.testng.reporters.JUnitReportReporter -->
<testsuite hostname="Nithyas-MacBook-Pro.local" name="com.browserstack.LocalTest" tests="1" failures="0" timestamp="24 Dec 2019 12:05:55 GMT" time="15.439" errors="0">
  <testcase name="test" time="15.439" classname="com.browserstack.LocalTest"/>
</testsuite> <!-- com.browserstack.LocalTest -->
